<?xml version="1.0" encoding="UTF-8"?>
<testsuite name="Cucumber" time="263.08" tests="12" skipped="0" failures="0" errors="0">
<testcase classname="Product Search Functionality" name="Verify search functionality on products page" time="12.22">
<system-out><![CDATA[
Given User is on the home page..............................................passed
When User clicks on the Products button.....................................passed
Then User should be navigated to the ALL PRODUCTS page......................passed
When User enters product name "T-Shirt" in search input and clicks search button.passed
Then User should see the SEARCHED PRODUCTS section..........................passed
And User should see all related products displayed..........................passed
]]></system-out>
</testcase>
<testcase classname="Product Search Functionality" name="Verify user can view product details" time="10.494">
<system-out><![CDATA[
Given User is on the home page..............................................passed
When User clicks on the Products button.....................................passed
Then User should be navigated to the ALL PRODUCTS page......................passed
And The products list should be visible.....................................passed
When User clicks on View Product of the first product.......................passed
Then User should be navigated to the product detail page....................passed
And User should see the product details: name, category, price, availability, condition, brand.passed
]]></system-out>
</testcase>
<testcase classname="Product Search Functionality" name="Verify user can add multiple products to cart and verify details - #1.1" time="16.057">
<system-out><![CDATA[
Given User is on the home page..............................................passed
When I click on the Products button.........................................passed
And I hover over the first product and add it to the cart...................passed
And I click Continue Shopping...............................................passed
And I hover over the second product and add it to the cart..................passed
And I click View Cart button................................................passed
Then Both products should be in the Cart with "Blue Top" and "Men Tshirt"...passed
And Product details should be "Rs. 500", "Rs. 400", "Rs. 500", "Rs. 400"....passed
]]></system-out>
</testcase>
<testcase classname="Product Search Functionality" name="User subscribes from Cart page - #1.1" time="6.713">
<system-out><![CDATA[
Given User is on the home page..............................................passed
When User clicks on the Cart button and scrolls to footer...................passed
Then SUBSCRIPTION text should be visible....................................passed
When User enters email "testuser1@mail.com" and clicks the subscribe button.passed
Then Subscription success message should be displayed.......................passed
]]></system-out>
</testcase>
<testcase classname="Product Search Functionality" name="Verify product quantity is correctly updated in the cart - #1.1" time="8.839">
<system-out><![CDATA[
Given User is on the home page..............................................passed
When I click on View Product for a product..................................passed
And I verify the product detail page is opened..............................passed
And I increase the quantity to 4............................................passed
And I click on Add to cart button...........................................passed
And I click on View Cart button.............................................passed
Then The cart should contain product with quantity 4........................passed
]]></system-out>
</testcase>
<testcase classname="Product Search Functionality" name="User adds a review on a product - #1.1" time="14.964">
<system-out><![CDATA[
Given User is on the home page..............................................passed
When I click on Products button.............................................passed
Then I should be navigated to ALL PRODUCTS page.............................passed
When I click on View Product button.........................................passed
Then I should see Write Your Review section.................................passed
When I enter "John Doe", "john@example.com", and "Great quality product!"...passed
And I click on Submit button................................................passed
Then I should see success message Thank you for your review.................passed
]]></system-out>
</testcase>
<testcase classname="Product Search Functionality" name="User adds a review on a product - #1.2" time="8.499">
<system-out><![CDATA[
Given User is on the home page..............................................passed
When I click on Products button.............................................passed
Then I should be navigated to ALL PRODUCTS page.............................passed
When I click on View Product button.........................................passed
Then I should see Write Your Review section.................................passed
When I enter "Alice Smith", "alice@gmail.com", and "Fast shipping, loved it!".passed
And I click on Submit button................................................passed
Then I should see success message Thank you for your review.................passed
]]></system-out>
</testcase>
<testcase classname="Product Search Functionality" name="User adds a review on a product - #1.3" time="8.576">
<system-out><![CDATA[
Given User is on the home page..............................................passed
When I click on Products button.............................................passed
Then I should be navigated to ALL PRODUCTS page.............................passed
When I click on View Product button.........................................passed
Then I should see Write Your Review section.................................passed
When I enter "Mike Ross", "mike.ross@test.com", and "Highly recommended!"...passed
And I click on Submit button................................................passed
Then I should see success message Thank you for your review.................passed
]]></system-out>
</testcase>
<testcase classname="Product Search Functionality" name="Verify brand navigation and products visibility" time="10.729">
<system-out><![CDATA[
Given User is on the home page..............................................passed
When I click on the Products button.........................................passed
Then I should see the Brands sidebar on the left............................passed
When I click on the first brand.............................................passed
Then I should see the first brand's product page displayed..................passed
When I click on the second brand............................................passed
Then I should see the second brand's product page displayed.................passed
]]></system-out>
</testcase>
<testcase classname="Product Search Functionality" name="Verify searched products remain in the cart after login - #1.1" time="114.099">
<system-out><![CDATA[
Given User is on the home page..............................................passed
When I click  Products button...............................................passed
Then I should be navigated to the All Products page.........................passed
When I search for "Men Tshirt"..............................................passed
Then I should see SEARCHED PRODUCTS.........................................passed
And I should see all searched products......................................passed
Then I click on the view product............................................passed
And I click on the Add to Cart..............................................passed
Then I click on continue shopping...........................................passed
When I click  Signup or Login button........................................passed
And I enter emailid "bollamakshay756@gmail.com" and password "Akshay2001@"..passed
And I click on Login........................................................passed
And I navigate back to the Cart page........................................passed
Then I should see the products in the cart after login......................passed
When I remove all products from the cart....................................passed
Then I should see Cart is empty! Click here to buy products.................passed
]]></system-out>
</testcase>
<testcase classname="Product Search Functionality" name="User places order and registers during checkout - #1.1" time="29.172">
<system-out><![CDATA[
Given User is on the home page..............................................passed
When I click on products in home page.......................................passed
And I add product into cart.................................................passed
And I go to cart page.......................................................passed
Then I should able to see the cart page.....................................passed
When I proceed to checkout..................................................passed
When I click on Register or Login buttons...................................passed
When I fill in the signup details with "John Doe", "john14582@example.com", "Password123", "John", "Doe","TechCorp", "123 Main St", "California", "Los Angeles", "90001", "9876543210".passed
Then I should see account created message and click continue................passed
Then I should be logged in as user..........................................passed
When I go to cart page again................................................passed
And I proceed to checkout after login.......................................passed
Then I should see address details and review order section..................passed
When I enter "Please deliver quickly" in comment text area and place the order.passed
And I enter payment details with "John Doe", "4111111111111111", "123", "12", "2026".passed
And I confirm the order.....................................................passed
Then I should see order confirmation message................................passed
When I delete my account....................................................passed
Then I should see account deleted message and click continue................passed
]]></system-out>
</testcase>
<testcase classname="Product Search Functionality" name="User places an order after logging in - #1.1" time="21.513">
<system-out><![CDATA[
Given User is on the home page..............................................passed
And I click on Signup or Login button.......................................passed
When I enter email "bollamakshay756@gmail.com" and password "Akshay2001@"...passed
And I click on Login button.................................................passed
Then I should see Logged in as username at the top..........................passed
And I click on products.....................................................passed
When I click on view product................................................passed
And I click on the Add to cart button.......................................passed
Then I click on view cart...................................................passed
Then I should see the cart page is displayed................................passed
When I click on Proceed to Checkout.........................................passed
Then I should see Address Details and Review Order sections.................passed
When I enter "Please deliver by 5 PM" in the comment text area..............passed
And I click on Place Order button...........................................passed
When I enter payment details "John Doe", "4111111111111111", "123", "12", "2025".passed
And I click on Pay and Confirm Order button.................................passed
Then I should see Congratulations! Your order has been confirmed!...........passed
And Download the Invoice....................................................passed
]]></system-out>
</testcase>
</testsuite>
