<?xml version="1.0" encoding="UTF-8"?>
<!-- Generated by org.testng.reporters.JUnitReportReporter -->
<testsuite hostname="DESKTOP-MI2JT6S" failures="0" tests="15" name="com.ecommerce.testRunners.RegisterRunner" time="316.771" errors="0" timestamp="2025-03-20T23:35:45 IST" skipped="0">
  <testcase classname="com.ecommerce.testRunners.RegisterRunner" name="runScenario" time="74.245"/>
  <system-out/>
  <testcase classname="com.ecommerce.testRunners.RegisterRunner" name="runScenario" time="10.798"/>
  <system-out/>
  <testcase classname="com.ecommerce.testRunners.RegisterRunner" name="runScenario" time="8.923"/>
  <system-out/>
  <testcase classname="com.ecommerce.testRunners.RegisterRunner" name="runScenario" time="10.491"/>
  <system-out/>
  <testcase classname="com.ecommerce.testRunners.RegisterRunner" name="runScenario" time="30.627"/>
  <system-out/>
  <testcase classname="com.ecommerce.testRunners.RegisterRunner" name="runScenario" time="26.304"/>
  <system-out/>
  <testcase classname="com.ecommerce.testRunners.RegisterRunner" name="runScenario" time="20.533"/>
  <system-out/>
  <testcase classname="com.ecommerce.testRunners.RegisterRunner" name="runScenario" time="6.953"/>
  <system-out/>
  <testcase classname="com.ecommerce.testRunners.RegisterRunner" name="runScenario" time="15.834"/>
  <system-out/>
  <testcase classname="com.ecommerce.testRunners.RegisterRunner" name="runScenario" time="10.243"/>
  <system-out/>
  <testcase classname="com.ecommerce.testRunners.RegisterRunner" name="runScenario" time="16.433"/>
  <system-out/>
  <testcase classname="com.ecommerce.testRunners.RegisterRunner" name="runScenario" time="13.398"/>
  <system-out/>
  <testcase classname="com.ecommerce.testRunners.RegisterRunner" name="runScenario" time="34.658"/>
  <system-out/>
  <testcase classname="com.ecommerce.testRunners.RegisterRunner" name="runScenario" time="31.262"/>
  <system-out/>
  <testcase classname="com.ecommerce.testRunners.RegisterRunner" name="runScenario" time="6.069"/>
  <system-out/>
</testsuite> <!-- com.ecommerce.testRunners.RegisterRunner -->
