<?xml version="1.0" encoding="UTF-8"?>
<!-- Generated by org.testng.reporters.JUnitReportReporter -->
<testsuite hostname="DESKTOP-MI2JT6S" failures="0" tests="12" name="com.ecommerce.testRunners.ProductRunner" time="262.344" errors="0" timestamp="2025-03-21T10:04:32 IST" skipped="0">
  <testcase classname="com.ecommerce.testRunners.ProductRunner" name="runScenario" time="29.185"/>
  <system-out/>
  <testcase classname="com.ecommerce.testRunners.ProductRunner" name="runScenario" time="114.112"/>
  <system-out/>
  <testcase classname="com.ecommerce.testRunners.ProductRunner" name="runScenario" time="16.087"/>
  <system-out/>
  <testcase classname="com.ecommerce.testRunners.ProductRunner" name="runScenario" time="12.439"/>
  <system-out/>
  <testcase classname="com.ecommerce.testRunners.ProductRunner" name="runScenario" time="21.521"/>
  <system-out/>
  <testcase classname="com.ecommerce.testRunners.ProductRunner" name="runScenario" time="8.588"/>
  <system-out/>
  <testcase classname="com.ecommerce.testRunners.ProductRunner" name="runScenario" time="10.747"/>
  <system-out/>
  <testcase classname="com.ecommerce.testRunners.ProductRunner" name="runScenario" time="14.987"/>
  <system-out/>
  <testcase classname="com.ecommerce.testRunners.ProductRunner" name="runScenario" time="6.739"/>
  <system-out/>
  <testcase classname="com.ecommerce.testRunners.ProductRunner" name="runScenario" time="10.554"/>
  <system-out/>
  <testcase classname="com.ecommerce.testRunners.ProductRunner" name="runScenario" time="8.527"/>
  <system-out/>
  <testcase classname="com.ecommerce.testRunners.ProductRunner" name="runScenario" time="8.858"/>
  <system-out/>
</testsuite> <!-- com.ecommerce.testRunners.ProductRunner -->
