<?xml version="1.0" encoding="UTF-8"?>
<!-- Generated by org.testng.reporters.JUnitReportReporter -->
<testsuite hostname="DESKTOP-MI2JT6S" failures="0" tests="1" name="com.ecommerce.testRunners.TestRunner" time="28.151" errors="0" timestamp="2025-03-17T11:59:01 IST" skipped="0">
  <testcase classname="com.ecommerce.testRunners.TestRunner" name="runScenario" time="28.151"/>
  <system-out/>
</testsuite> <!-- com.ecommerce.testRunners.TestRunner -->
