<?xml version="1.0" encoding="UTF-8"?>
<!-- Generated by org.testng.reporters.JUnitReportReporter -->
<testsuite hostname="DESKTOP-MI2JT6S" failures="0" tests="12" name="com.ecommerce.testRunners.ProductRunner" time="175.893" errors="0" timestamp="2025-03-20T23:20:50 IST" skipped="0">
  <testcase classname="com.ecommerce.testRunners.ProductRunner" name="runScenario" time="9.570"/>
  <system-out/>
  <testcase classname="com.ecommerce.testRunners.ProductRunner" name="runScenario" time="23.280"/>
  <system-out/>
  <testcase classname="com.ecommerce.testRunners.ProductRunner" name="runScenario" time="11.658"/>
  <system-out/>
  <testcase classname="com.ecommerce.testRunners.ProductRunner" name="runScenario" time="16.649"/>
  <system-out/>
  <testcase classname="com.ecommerce.testRunners.ProductRunner" name="runScenario" time="9.251"/>
  <system-out/>
  <testcase classname="com.ecommerce.testRunners.ProductRunner" name="runScenario" time="18.052"/>
  <system-out/>
  <testcase classname="com.ecommerce.testRunners.ProductRunner" name="runScenario" time="8.983"/>
  <system-out/>
  <testcase classname="com.ecommerce.testRunners.ProductRunner" name="runScenario" time="27.870"/>
  <system-out/>
  <testcase classname="com.ecommerce.testRunners.ProductRunner" name="runScenario" time="18.313"/>
  <system-out/>
  <testcase classname="com.ecommerce.testRunners.ProductRunner" name="runScenario" time="12.143"/>
  <system-out/>
  <testcase classname="com.ecommerce.testRunners.ProductRunner" name="runScenario" time="10.266"/>
  <system-out/>
  <testcase classname="com.ecommerce.testRunners.ProductRunner" name="runScenario" time="9.858"/>
  <system-out/>
</testsuite> <!-- com.ecommerce.testRunners.ProductRunner -->
