<?xml version="1.0" encoding="UTF-8"?>
<!-- Generated by org.testng.reporters.JUnitReportReporter -->
<testsuite hostname="DESKTOP-MI2JT6S" failures="0" tests="6" name="Runner.TestRunner" time="72.973" errors="0" timestamp="2025-03-15T14:22:32 IST" skipped="0">
  <testcase classname="Runner.TestRunner" name="runScenario" time="9.437"/>
  <system-out/>
  <testcase classname="Runner.TestRunner" name="runScenario" time="16.883"/>
  <system-out/>
  <testcase classname="Runner.TestRunner" name="runScenario" time="16.755"/>
  <system-out/>
  <testcase classname="Runner.TestRunner" name="runScenario" time="11.201"/>
  <system-out/>
  <testcase classname="Runner.TestRunner" name="runScenario" time="8.658"/>
  <system-out/>
  <testcase classname="Runner.TestRunner" name="runScenario" time="10.039"/>
  <system-out/>
</testsuite> <!-- Runner.TestRunner -->
