<?xml version="1.0" encoding="UTF-8"?>
<!-- Generated by org.testng.reporters.JUnitReportReporter -->
<testsuite hostname="DESKTOP-MI2JT6S" failures="0" tests="15" name="com.ecommerce.testRunners.RegisterRunner" time="158.553" errors="0" timestamp="2025-03-21T09:59:24 IST" skipped="0">
  <testcase classname="com.ecommerce.testRunners.RegisterRunner" name="runScenario" time="8.252"/>
  <system-out/>
  <testcase classname="com.ecommerce.testRunners.RegisterRunner" name="runScenario" time="9.863"/>
  <system-out/>
  <testcase classname="com.ecommerce.testRunners.RegisterRunner" name="runScenario" time="7.940"/>
  <system-out/>
  <testcase classname="com.ecommerce.testRunners.RegisterRunner" name="runScenario" time="16.440"/>
  <system-out/>
  <testcase classname="com.ecommerce.testRunners.RegisterRunner" name="runScenario" time="4.666"/>
  <system-out/>
  <testcase classname="com.ecommerce.testRunners.RegisterRunner" name="runScenario" time="8.539"/>
  <system-out/>
  <testcase classname="com.ecommerce.testRunners.RegisterRunner" name="runScenario" time="7.470"/>
  <system-out/>
  <testcase classname="com.ecommerce.testRunners.RegisterRunner" name="runScenario" time="8.644"/>
  <system-out/>
  <testcase classname="com.ecommerce.testRunners.RegisterRunner" name="runScenario" time="7.719"/>
  <system-out/>
  <testcase classname="com.ecommerce.testRunners.RegisterRunner" name="runScenario" time="15.960"/>
  <system-out/>
  <testcase classname="com.ecommerce.testRunners.RegisterRunner" name="runScenario" time="24.602"/>
  <system-out/>
  <testcase classname="com.ecommerce.testRunners.RegisterRunner" name="runScenario" time="7.579"/>
  <system-out/>
  <testcase classname="com.ecommerce.testRunners.RegisterRunner" name="runScenario" time="16.232"/>
  <system-out/>
  <testcase classname="com.ecommerce.testRunners.RegisterRunner" name="runScenario" time="6.026"/>
  <system-out/>
  <testcase classname="com.ecommerce.testRunners.RegisterRunner" name="runScenario" time="8.621"/>
  <system-out/>
</testsuite> <!-- com.ecommerce.testRunners.RegisterRunner -->
